0 info it worked if it ends with ok
1 verbose cli [ '/usr/local/node-v0.12.4-linux-x86/bin/node',
1 verbose cli   '/usr/local/node-v0.12.4-linux-x86/bin/npm',
1 verbose cli   'install' ]
2 info using npm@2.10.1
3 info using node@v0.12.4
4 verbose readDependencies loading dependencies from /usr/local/dev/nodejs/super-tools/package.json
5 error install Couldn't read dependencies
6 verbose stack Error: Failed to parse json
6 verbose stack Unexpected token 'r' at 12:4
6 verbose stack   "repository": {
6 verbose stack    ^
6 verbose stack     at parseError (/usr/local/node-v0.12.4-linux-x86/lib/node_modules/npm/node_modules/read-package-json/read-json.js:379:11)
6 verbose stack     at parseJson (/usr/local/node-v0.12.4-linux-x86/lib/node_modules/npm/node_modules/read-package-json/read-json.js:68:23)
6 verbose stack     at /usr/local/node-v0.12.4-linux-x86/lib/node_modules/npm/node_modules/read-package-json/read-json.js:48:5
6 verbose stack     at evalmachine.<anonymous>:334:14
6 verbose stack     at /usr/local/node-v0.12.4-linux-x86/lib/node_modules/npm/node_modules/graceful-fs/graceful-fs.js:102:5
6 verbose stack     at FSReqWrap.oncomplete (evalmachine.<anonymous>:95:15)
7 verbose cwd /usr/local/dev/nodejs/super-tools
8 error Linux 2.6.32-431.el6.i686
9 error argv "/usr/local/node-v0.12.4-linux-x86/bin/node" "/usr/local/node-v0.12.4-linux-x86/bin/npm" "install"
10 error node v0.12.4
11 error npm  v2.10.1
12 error file /usr/local/dev/nodejs/super-tools/package.json
13 error code EJSONPARSE
14 error Failed to parse json
14 error Unexpected token 'r' at 12:4
14 error   "repository": {
14 error    ^
15 error File: /usr/local/dev/nodejs/super-tools/package.json
16 error Failed to parse package.json data.
16 error package.json must be actual JSON, not just JavaScript.
16 error
16 error This is not a bug in npm.
16 error Tell the package author to fix their package.json file. JSON.parse
17 verbose exit [ 1, true ]
